
> superstartrump@0.1.0 dev
> vite


  VITE v6.4.2  ready in 74 ms

  ➜  Local:   http://localhost:5173/
  ➜  Network: use --host to expose
12:58:43 [vite] (client) hmr update /src/App.tsx, /src/components/TrumpCard/TrumpCard.tsx
12:59:21 [vite] (client) hmr update /src/components/TrumpCard/TrumpCard.tsx
12:59:39 [vite] (client) hmr update /src/components/TrumpCard/TrumpCard.css
12:59:56 [vite] (client) hmr update /src/App.css
13:01:32 [vite] (client) hmr update /src/components/PixelPortrait/PixelPortrait.tsx
13:01:32 [vite] (client) hmr update /src/components/PixelPortrait/PixelPortrait.css
13:01:32 [vite] (client) page reload src/components/PixelPortrait/index.ts
13:01:32 [vite] (client) hmr update /src/components/PixelPortrait/PixelPortrait.tsx
13:01:45 [vite] (client) hmr update /src/components/TrumpCard/TrumpCard.css
13:01:45 [vite] Internal server error: [postcss] /Users/eurafa/dev/eurafa/superstartrump/src/components/TrumpCard/TrumpCard.css:11:1: Unclosed block
  Plugin: vite:css
  File: /Users/eurafa/dev/eurafa/superstartrump/src/components/TrumpCard/TrumpCard.css:11:0
  9  |  
  10 |  /* International Superstar Soccer (SNES) inspired player card */
  11 |  .iss-card {
     |  ^
  12 |    --iss-pitch: #1a8c1a;
  13 |    --iss-pitch-dark: #0d5c0d;
      at Input.error (/Users/eurafa/dev/eurafa/superstartrump/node_modules/postcss/lib/input.js:135:16)
      at Parser.unclosedBlock (/Users/eurafa/dev/eurafa/superstartrump/node_modules/postcss/lib/parser.js:582:22)
      at Parser.endFile (/Users/eurafa/dev/eurafa/superstartrump/node_modules/postcss/lib/parser.js:342:35)
      at Parser.parse (/Users/eurafa/dev/eurafa/superstartrump/node_modules/postcss/lib/parser.js:483:10)
      at parse (/Users/eurafa/dev/eurafa/superstartrump/node_modules/postcss/lib/parse.js:11:12)
      at new LazyResult (/Users/eurafa/dev/eurafa/superstartrump/node_modules/postcss/lib/lazy-result.js:165:16)
      at Processor.process (/Users/eurafa/dev/eurafa/superstartrump/node_modules/postcss/lib/processor.js:53:14)
      at runPostCSS (file:///Users/eurafa/dev/eurafa/superstartrump/node_modules/vite/dist/node/chunks/dep-Dq2t6Dq0.js:43878:52)
      at async compilePostCSS (file:///Users/eurafa/dev/eurafa/superstartrump/node_modules/vite/dist/node/chunks/dep-Dq2t6Dq0.js:43848:18)
      at async compileCSS (file:///Users/eurafa/dev/eurafa/superstartrump/node_modules/vite/dist/node/chunks/dep-Dq2t6Dq0.js:43703:27)
      at async TransformPluginContext.handler (file:///Users/eurafa/dev/eurafa/superstartrump/node_modules/vite/dist/node/chunks/dep-Dq2t6Dq0.js:43019:11)
      at async EnvironmentPluginContainer.transform (file:///Users/eurafa/dev/eurafa/superstartrump/node_modules/vite/dist/node/chunks/dep-Dq2t6Dq0.js:42348:18)
      at async loadAndTransform (file:///Users/eurafa/dev/eurafa/superstartrump/node_modules/vite/dist/node/chunks/dep-Dq2t6Dq0.js:35740:27)
      at async viteTransformMiddleware (file:///Users/eurafa/dev/eurafa/superstartrump/node_modules/vite/dist/node/chunks/dep-Dq2t6Dq0.js:37264:24)
13:02:11 [vite] (client) hmr update /src/App.tsx
13:02:11 [vite] (client) Pre-transform error: [postcss] /Users/eurafa/dev/eurafa/superstartrump/src/components/TrumpCard/TrumpCard.css:11:1: Unclosed block
  Plugin: vite:css
  File: /Users/eurafa/dev/eurafa/superstartrump/src/components/TrumpCard/TrumpCard.css:11:0
  9  |  
  10 |  /* International Superstar Soccer (SNES) inspired player card */
  11 |  .iss-card {
     |  ^
  12 |    --iss-pitch: #1a8c1a;
  13 |    --iss-pitch-dark: #0d5c0d;
13:03:02 [vite] (client) hmr update /src/components/TrumpCard/TrumpCard.css
13:03:02 [vite] (client) hmr update /src/App.css
13:10:42 [vite] (client) hmr update /src/App.tsx, /src/components/TrumpCard/TrumpCard.tsx
13:11:07 [vite] (client) hmr update /src/components/TrumpCard/TrumpCard.tsx
13:11:28 [vite] (client) hmr update /src/components/TrumpCard/TrumpCard.css
13:11:39 [vite] (client) hmr update /src/App.css
13:12:08 [vite] (client) hmr update /src/components/TrumpCard/TrumpCard.tsx
13:12:20 [vite] (client) hmr update /src/components/TrumpCard/TrumpCard.css
13:14:35 [vite] (client) hmr update /src/App.css
13:14:47 [vite] (client) hmr update /src/components/TrumpCard/TrumpCard.css
13:15:25 [vite] (client) hmr update /src/App.css
13:15:25 [vite] (client) hmr update /src/components/TrumpCard/TrumpCard.css
13:16:55 [vite] (client) hmr update /src/App.tsx, /src/components/TrumpCard/TrumpCard.tsx
13:16:55 [vite] (client) hmr update /src/components/TrumpCard/TrumpCard.tsx
13:22:07 [vite] (client) hmr update /src/components/TrumpCard/TrumpCard.tsx
13:22:21 [vite] (client) hmr update /src/components/TrumpCard/TrumpCard.css
13:22:30 [vite] (client) hmr update /src/App.css
13:23:03 [vite] (client) hmr update /src/components/TrumpCard/TrumpCard.css
13:27:44 [vite] (client) hmr update /src/components/TrumpCard/TrumpCard.tsx
13:28:13 [vite] (client) hmr update /src/components/TrumpCard/TrumpCard.css
13:28:25 [vite] (client) hmr update /src/App.css
13:29:09 [vite] (client) hmr update /src/components/TrumpCard/TrumpCard.css
13:35:32 [vite] (client) hmr update /src/components/TrumpCard/TrumpCard.css
13:35:49 [vite] (client) hmr update /src/App.css
13:36:32 [vite] (client) hmr update /src/components/TrumpCard/TrumpCard.css
13:40:58 [vite] (client) hmr update /src/components/TrumpCard/TrumpCard.css
13:41:08 [vite] (client) hmr update /src/App.css
13:42:11 [vite] (client) hmr update /src/components/TrumpCard/TrumpCard.css
13:44:03 [vite] (client) hmr update /src/App.tsx
13:44:17 [vite] (client) hmr update /src/App.css
13:44:24 [vite] (client) hmr update /src/components/TrumpCard/TrumpCard.css
13:45:50 [vite] (client) hmr update /src/App.css
13:45:50 [vite] (client) hmr update /src/components/TrumpCard/TrumpCard.css
13:46:54 [vite] (client) hmr update /src/App.tsx
13:47:06 [vite] (client) hmr update /src/App.css
13:47:50 [vite] (client) hmr update /src/components/TrumpCard/TrumpCard.css
13:49:19 [vite] (client) hmr update /src/components/TrumpCard/TrumpCard.tsx
13:49:27 [vite] (client) hmr update /src/components/TrumpCard/TrumpCard.css
13:51:18 [vite] (client) hmr update /src/components/TrumpCard/TrumpCard.css
13:51:28 [vite] (client) hmr update /src/App.tsx
13:52:24 [vite] (client) hmr update /src/components/TrumpCard/TrumpCard.tsx
